[2025-03-09 00:00:00,067][INFO] patching driver executable D:\AI_System\venv\Scripts\chromedriver.exe
[2025-03-09 00:00:03,019][ERROR] ‚ùå ÂÖ≥ÈîÆÈîôËØØÔºöMessage: invalid argument: cannot parse capability: goog:chromeOptions
from invalid argument: unrecognized chrome option: excludeSwitches
Stacktrace:
	GetHandleVerifier [0x00DECE83+25523]
	(No symbol) [0x00D72364]
	(No symbol) [0x00C406E3]
	(No symbol) [0x00C677EE]
	(No symbol) [0x00C69100]
	(No symbol) [0x00C6419D]
	(No symbol) [0x00CB8112]
	(No symbol) [0x00CB7B32]
	(No symbol) [0x00CB9306]
	(No symbol) [0x00CB910A]
	(No symbol) [0x00CAD5F6]
	(No symbol) [0x00C7C55F]
	(No symbol) [0x00C7D8A4]
	GetHandleVerifier [0x010F26C3+3193843]
	GetHandleVerifier [0x01106999+3276489]
	GetHandleVerifier [0x01100EBC+3253228]
	GetHandleVerifier [0x00E8B070+673184]
	(No symbol) [0x00D7B3ED]
	(No symbol) [0x00D78518]
	(No symbol) [0x00D786B9]
	(No symbol) [0x00D6AE40]
	BaseThreadInitThunk [0x75CE5D49+25]
	RtlInitializeExceptionChain [0x778ABD6B+107]
	RtlGetAppContainerNamedObjectPath [0x778ABCF1+561]

[2025-03-09 00:07:40,591][ERROR][PID:13660] üí• ÂÖ≥ÈîÆÈîôËØØ: Message: invalid argument: cannot parse capability: goog:chromeOptions
from invalid argument: unrecognized chrome option: excludeSwitches
Stacktrace:
	GetHandleVerifier [0x00DECE83+25523]
	(No symbol) [0x00D72364]
	(No symbol) [0x00C406E3]
	(No symbol) [0x00C677EE]
	(No symbol) [0x00C69100]
	(No symbol) [0x00C6419D]
	(No symbol) [0x00CB8112]
	(No symbol) [0x00CB7B32]
	(No symbol) [0x00CB9306]
	(No symbol) [0x00CB910A]
	(No symbol) [0x00CAD5F6]
	(No symbol) [0x00C7C55F]
	(No symbol) [0x00C7D8A4]
	GetHandleVerifier [0x010F26C3+3193843]
	GetHandleVerifier [0x01106999+3276489]
	GetHandleVerifier [0x01100EBC+3253228]
	GetHandleVerifier [0x00E8B070+673184]
	(No symbol) [0x00D7B3ED]
	(No symbol) [0x00D78518]
	(No symbol) [0x00D786B9]
	(No symbol) [0x00D6AE40]
	BaseThreadInitThunk [0x75CE5D49+25]
	RtlInitializeExceptionChain [0x778ABD6B+107]
	RtlGetAppContainerNamedObjectPath [0x778ABCF1+561]

[2025-03-09 00:07:50,780][ERROR][PID:2608] üí• ÂÖ≥ÈîÆÈîôËØØ: Message: invalid argument: cannot parse capability: goog:chromeOptions
from invalid argument: unrecognized chrome option: excludeSwitches
Stacktrace:
	GetHandleVerifier [0x00DECE83+25523]
	(No symbol) [0x00D72364]
	(No symbol) [0x00C406E3]
	(No symbol) [0x00C677EE]
	(No symbol) [0x00C69100]
	(No symbol) [0x00C6419D]
	(No symbol) [0x00CB8112]
	(No symbol) [0x00CB7B32]
	(No symbol) [0x00CB9306]
	(No symbol) [0x00CB910A]
	(No symbol) [0x00CAD5F6]
	(No symbol) [0x00C7C55F]
	(No symbol) [0x00C7D8A4]
	GetHandleVerifier [0x010F26C3+3193843]
	GetHandleVerifier [0x01106999+3276489]
	GetHandleVerifier [0x01100EBC+3253228]
	GetHandleVerifier [0x00E8B070+673184]
	(No symbol) [0x00D7B3ED]
	(No symbol) [0x00D78518]
	(No symbol) [0x00D786B9]
	(No symbol) [0x00D6AE40]
	BaseThreadInitThunk [0x75CE5D49+25]
	RtlInitializeExceptionChain [0x778ABD6B+107]
	RtlGetAppContainerNamedObjectPath [0x778ABCF1+561]

